2015-01-16 21:12:25 Notice: Notice (8): Undefined variable: primaryKey in [/home/cra12733/public_html/cakephp/vendor/cakephp/cakephp/src/ORM/Table.php, line 1004]
Trace:
Cake\Error\BaseErrorHandler::handleError() - CORE/src/Error/BaseErrorHandler.php, line 138
Cake\ORM\Table::get() - CORE/src/ORM/Table.php, line 1004
App\Controller\CuentasController::index() - APP/Controller/CuentasController.php, line 31
Cake\Controller\Controller::invokeAction() - CORE/src/Controller/Controller.php, line 406
Cake\Routing\Dispatcher::_invoke() - CORE/src/Routing/Dispatcher.php, line 114
Cake\Routing\Dispatcher::dispatch() - CORE/src/Routing/Dispatcher.php, line 87
[main] - ROOT/webroot/index.php, line 37



2015-01-16 21:12:41 Notice: Notice (8): Undefined variable: primaryKey in [/home/cra12733/public_html/cakephp/vendor/cakephp/cakephp/src/ORM/Table.php, line 1004]
Trace:
Cake\Error\BaseErrorHandler::handleError() - CORE/src/Error/BaseErrorHandler.php, line 138
Cake\ORM\Table::get() - CORE/src/ORM/Table.php, line 1004
App\Controller\CuentasController::index() - APP/Controller/CuentasController.php, line 31
Cake\Controller\Controller::invokeAction() - CORE/src/Controller/Controller.php, line 406
Cake\Routing\Dispatcher::_invoke() - CORE/src/Routing/Dispatcher.php, line 114
Cake\Routing\Dispatcher::dispatch() - CORE/src/Routing/Dispatcher.php, line 87
[main] - ROOT/webroot/index.php, line 37



2015-01-16 21:12:42 Notice: Notice (8): Undefined variable: primaryKey in [/home/cra12733/public_html/cakephp/vendor/cakephp/cakephp/src/ORM/Table.php, line 1004]
Trace:
Cake\Error\BaseErrorHandler::handleError() - CORE/src/Error/BaseErrorHandler.php, line 138
Cake\ORM\Table::get() - CORE/src/ORM/Table.php, line 1004
App\Controller\CuentasController::index() - APP/Controller/CuentasController.php, line 31
Cake\Controller\Controller::invokeAction() - CORE/src/Controller/Controller.php, line 406
Cake\Routing\Dispatcher::_invoke() - CORE/src/Routing/Dispatcher.php, line 114
Cake\Routing\Dispatcher::dispatch() - CORE/src/Routing/Dispatcher.php, line 87
[main] - ROOT/webroot/index.php, line 37



2015-01-16 21:12:46 Notice: Notice (8): Undefined variable: primaryKey in [/home/cra12733/public_html/cakephp/vendor/cakephp/cakephp/src/ORM/Table.php, line 1004]
Trace:
Cake\Error\BaseErrorHandler::handleError() - CORE/src/Error/BaseErrorHandler.php, line 138
Cake\ORM\Table::get() - CORE/src/ORM/Table.php, line 1004
App\Controller\CuentasController::index() - APP/Controller/CuentasController.php, line 31
Cake\Controller\Controller::invokeAction() - CORE/src/Controller/Controller.php, line 406
Cake\Routing\Dispatcher::_invoke() - CORE/src/Routing/Dispatcher.php, line 114
Cake\Routing\Dispatcher::dispatch() - CORE/src/Routing/Dispatcher.php, line 87
[main] - ROOT/webroot/index.php, line 37



